<?xml version="1.0" encoding="UTF-8"?>
<testng-results skipped="0" failed="0" ignored="0" total="2" passed="2">
  <reporter-output>
  </reporter-output>
  <suite name="Test Automation Test Suite" duration-ms="14592" started-at="2018-03-29T23:32:09Z" finished-at="2018-03-29T23:32:24Z">
    <groups>
    </groups>
    <test name="Automation Test Cases" duration-ms="14592" started-at="2018-03-29T23:32:09Z" finished-at="2018-03-29T23:32:24Z">
      <class name="com.test.qa.testcases.LoginPageTest">
        <test-method status="PASS" signature="setup()[pri:0, instance:com.test.qa.testcases.LoginPageTest@7d9d1a19]" name="setup" is-config="true" duration-ms="6372" started-at="2018-03-29T16:32:09Z" finished-at="2018-03-29T16:32:16Z">
          <reporter-output>
          </reporter-output>
        </test-method> <!-- setup -->
        <test-method status="PASS" signature="loginPageTitleTest()[pri:1, instance:com.test.qa.testcases.LoginPageTest@7d9d1a19]" name="loginPageTitleTest" duration-ms="236" started-at="2018-03-29T16:32:16Z" finished-at="2018-03-29T16:32:16Z">
          <reporter-output>
          </reporter-output>
        </test-method> <!-- loginPageTitleTest -->
        <test-method status="PASS" signature="tearDown()[pri:0, instance:com.test.qa.testcases.LoginPageTest@7d9d1a19]" name="tearDown" is-config="true" duration-ms="154" started-at="2018-03-29T16:32:16Z" finished-at="2018-03-29T16:32:16Z">
          <reporter-output>
          </reporter-output>
        </test-method> <!-- tearDown -->
        <test-method status="PASS" signature="setup()[pri:0, instance:com.test.qa.testcases.LoginPageTest@7d9d1a19]" name="setup" is-config="true" duration-ms="4952" started-at="2018-03-29T16:32:16Z" finished-at="2018-03-29T16:32:21Z">
          <reporter-output>
          </reporter-output>
        </test-method> <!-- setup -->
        <test-method status="PASS" signature="loginTest()[pri:2, instance:com.test.qa.testcases.LoginPageTest@7d9d1a19]" name="loginTest" duration-ms="2736" started-at="2018-03-29T16:32:21Z" finished-at="2018-03-29T16:32:24Z">
          <reporter-output>
          </reporter-output>
        </test-method> <!-- loginTest -->
        <test-method status="PASS" signature="tearDown()[pri:0, instance:com.test.qa.testcases.LoginPageTest@7d9d1a19]" name="tearDown" is-config="true" duration-ms="108" started-at="2018-03-29T16:32:24Z" finished-at="2018-03-29T16:32:24Z">
          <reporter-output>
          </reporter-output>
        </test-method> <!-- tearDown -->
      </class> <!-- com.test.qa.testcases.LoginPageTest -->
    </test> <!-- Automation Test Cases -->
  </suite> <!-- Test Automation Test Suite -->
</testng-results>
